<?xml version="1.0" encoding="UTF-8"?>
<!-- Generated by org.testng.reporters.JUnitReportReporter -->
<testsuite hostname="DESKTOP-Q5P53P5" failures="0" tests="4" name="TestClass.LoginPageTestNG" time="141.206" errors="0" timestamp="2022-03-22T11:19:11 IST" skipped="0">
  <testcase classname="TestClass.LoginPageTestNG" name="verifyLoginPage" time="37.798"/>
  <system-out/>
  <testcase classname="TestClass.LoginPageTestNG" name="verifyLoginPage" time="35.212"/>
  <system-out/>
  <testcase classname="TestClass.LoginPageTestNG" name="verifyLoginPage" time="33.130"/>
  <system-out/>
  <testcase classname="TestClass.LoginPageTestNG" name="verifyLoginPage" time="35.066"/>
  <system-out/>
</testsuite> <!-- TestClass.LoginPageTestNG -->
