<?xml version="1.0" encoding="UTF-8"?>
<!-- Generated by org.testng.reporters.JUnitReportReporter -->
<testsuite hostname="DESKTOP-Q5P53P5" failures="0" tests="4" name="TestClass.SignupPageTestNG" time="138.084" errors="0" timestamp="2022-03-22T11:19:11 IST" skipped="0">
  <testcase classname="TestClass.SignupPageTestNG" name="verifySignupPage" time="34.445"/>
  <system-out/>
  <testcase classname="TestClass.SignupPageTestNG" name="verifySignupPage" time="34.372"/>
  <system-out/>
  <testcase classname="TestClass.SignupPageTestNG" name="verifySignupPage" time="34.293"/>
  <system-out/>
  <testcase classname="TestClass.SignupPageTestNG" name="verifySignupPage" time="34.974"/>
  <system-out/>
</testsuite> <!-- TestClass.SignupPageTestNG -->
